

================================================================
== Vitis HLS Report for 'cordiccart2pol'
================================================================
* Date:           Tue Oct 21 18:48:30 2025

* Version:        2024.1 (Build 5069499 on May 21 2024)
* Project:        cordiccart2pol.comp
* Solution:       hls (Vivado IP Flow Target)
* Product family: zynq
* Target device:  xc7z020-clg400-1


================================================================
== Performance Estimates
================================================================
+ Timing: 
    * Summary: 
    +--------+----------+----------+------------+
    |  Clock |  Target  | Estimated| Uncertainty|
    +--------+----------+----------+------------+
    |ap_clk  |  10.00 ns|  7.234 ns|     2.70 ns|
    +--------+----------+----------+------------+

+ Latency: 
    * Summary: 
    +---------+---------+-----------+----------+-----+-----+---------+
    |  Latency (cycles) |  Latency (absolute)  |  Interval | Pipeline|
    |   min   |   max   |    min    |    max   | min | max |   Type  |
    +---------+---------+-----------+----------+-----+-----+---------+
    |        2|       47|  20.000 ns|  0.470 us|    3|   48|       no|
    +---------+---------+-----------+----------+-----+-----+---------+

    + Detail: 
        * Instance: 
        +-----------------------------------------------------+------------------------------------------+---------+---------+----------+----------+-----+-----+-----------------------------------------------+
        |                                                     |                                          |  Latency (cycles) |  Latency (absolute) |  Interval |                    Pipeline                   |
        |                       Instance                      |                  Module                  |   min   |   max   |    min   |    max   | min | max |                      Type                     |
        +-----------------------------------------------------+------------------------------------------+---------+---------+----------+----------+-----+-----+-----------------------------------------------+
        |grp_cordiccart2pol_Pipeline_VITIS_LOOP_121_1_fu_141  |cordiccart2pol_Pipeline_VITIS_LOOP_121_1  |       43|       43|  0.430 us|  0.430 us|   42|   42|  loop auto-rewind stp(delay=0 clock cycles(s))|
        +-----------------------------------------------------+------------------------------------------+---------+---------+----------+----------+-----+-----+-----------------------------------------------+

        * Loop: 
        N/A



================================================================
== Utilization Estimates
================================================================
* Summary: 
+-----------------+---------+-----+--------+-------+-----+
|       Name      | BRAM_18K| DSP |   FF   |  LUT  | URAM|
+-----------------+---------+-----+--------+-------+-----+
|DSP              |        -|    -|       -|      -|    -|
|Expression       |        -|    -|       0|    187|    -|
|FIFO             |        -|    -|       -|      -|    -|
|Instance         |        0|    6|     365|    580|    -|
|Memory           |        -|    -|       -|      -|    -|
|Multiplexer      |        -|    -|       0|    132|    -|
|Register         |        -|    -|      78|      -|    -|
+-----------------+---------+-----+--------+-------+-----+
|Total            |        0|    6|     443|    899|    0|
+-----------------+---------+-----+--------+-------+-----+
|Available        |      280|  220|  106400|  53200|    0|
+-----------------+---------+-----+--------+-------+-----+
|Utilization (%)  |        0|    2|      ~0|      1|    0|
+-----------------+---------+-----+--------+-------+-----+

+ Detail: 
    * Instance: 
    +-----------------------------------------------------+------------------------------------------+---------+----+-----+-----+-----+
    |                       Instance                      |                  Module                  | BRAM_18K| DSP|  FF | LUT | URAM|
    +-----------------------------------------------------+------------------------------------------+---------+----+-----+-----+-----+
    |grp_cordiccart2pol_Pipeline_VITIS_LOOP_121_1_fu_141  |cordiccart2pol_Pipeline_VITIS_LOOP_121_1  |        0|   4|  365|  542|    0|
    |mul_24s_22ns_45_1_1_U12                              |mul_24s_22ns_45_1_1                       |        0|   2|    0|   38|    0|
    +-----------------------------------------------------+------------------------------------------+---------+----+-----+-----+-----+
    |Total                                                |                                          |        0|   6|  365|  580|    0|
    +-----------------------------------------------------+------------------------------------------+---------+----+-----+-----+-----+

    * DSP: 
    N/A

    * Memory: 
    N/A

    * FIFO: 
    N/A

    * Expression: 
    +---------------------+----------+----+---+----+------------+------------+
    |    Variable Name    | Operation| DSP| FF| LUT| Bitwidth P0| Bitwidth P1|
    +---------------------+----------+----+---+----+------------+------------+
    |x_1_fu_221_p2        |         -|   0|  0|  31|           1|          24|
    |y_1_fu_227_p2        |         -|   0|  0|  31|           1|          24|
    |and_ln102_fu_207_p2  |       and|   0|  0|  24|          24|          24|
    |and_ln79_fu_177_p2   |       and|   0|  0|   2|           1|           1|
    |and_ln85_fu_189_p2   |       and|   0|  0|   2|           1|           1|
    |and_ln90_fu_201_p2   |       and|   0|  0|   2|           1|           1|
    |ap_condition_186     |       and|   0|  0|   2|           1|           1|
    |icmp_ln79_fu_171_p2  |      icmp|   0|  0|  31|          24|           1|
    |icmp_ln85_fu_183_p2  |      icmp|   0|  0|  31|          24|           1|
    |icmp_ln90_fu_195_p2  |      icmp|   0|  0|  31|          24|           1|
    +---------------------+----------+----+---+----+------------+------------+
    |Total                |          |   0|  0| 187|         102|          79|
    +---------------------+----------+----+---+----+------------+------------+

    * Multiplexer: 
    +----------------------+----+-----------+-----+-----------+
    |         Name         | LUT| Input Size| Bits| Total Bits|
    +----------------------+----+-----------+-----+-----------+
    |ap_NS_fsm             |  31|          6|    1|          6|
    |p_ph_reg_99           |  14|          3|   22|         66|
    |r                     |  14|          3|   24|         72|
    |theta                 |  31|          6|   24|        144|
    |theta_ap_vld          |  14|          3|    1|          3|
    |x_current_ph_reg_129  |  14|          3|   24|         72|
    |y_current_ph_reg_117  |  14|          3|   24|         72|
    +----------------------+----+-----------+-----+-----------+
    |Total                 | 132|         27|  120|        435|
    +----------------------+----+-----------+-----+-----------+

    * Register: 
    +------------------------------------------------------------------+----+----+-----+-----------+
    |                               Name                               | FF | LUT| Bits| Const Bits|
    +------------------------------------------------------------------+----+----+-----+-----------+
    |and_ln79_reg_270                                                  |   1|   0|    1|          0|
    |and_ln85_reg_274                                                  |   1|   0|    1|          0|
    |ap_CS_fsm                                                         |   5|   0|    5|          0|
    |grp_cordiccart2pol_Pipeline_VITIS_LOOP_121_1_fu_141_ap_start_reg  |   1|   0|    1|          0|
    |p_ph_reg_99                                                       |  22|   0|   23|          1|
    |x_current_ph_reg_129                                              |  24|   0|   24|          0|
    |y_current_ph_reg_117                                              |  24|   0|   24|          0|
    +------------------------------------------------------------------+----+----+-----+-----------+
    |Total                                                             |  78|   0|   79|          1|
    +------------------------------------------------------------------+----+----+-----+-----------+



================================================================
== Interface
================================================================
* Summary: 
+--------------+-----+-----+------------+----------------+--------------+
|   RTL Ports  | Dir | Bits|  Protocol  |  Source Object |    C Type    |
+--------------+-----+-----+------------+----------------+--------------+
|ap_clk        |   in|    1|  ap_ctrl_hs|  cordiccart2pol|  return value|
|ap_rst        |   in|    1|  ap_ctrl_hs|  cordiccart2pol|  return value|
|ap_start      |   in|    1|  ap_ctrl_hs|  cordiccart2pol|  return value|
|ap_done       |  out|    1|  ap_ctrl_hs|  cordiccart2pol|  return value|
|ap_idle       |  out|    1|  ap_ctrl_hs|  cordiccart2pol|  return value|
|ap_ready      |  out|    1|  ap_ctrl_hs|  cordiccart2pol|  return value|
|x             |   in|   24|     ap_none|               x|        scalar|
|y             |   in|   24|     ap_none|               y|        scalar|
|r             |  out|   24|      ap_vld|               r|       pointer|
|r_ap_vld      |  out|    1|      ap_vld|               r|       pointer|
|theta         |  out|   24|      ap_vld|           theta|       pointer|
|theta_ap_vld  |  out|    1|      ap_vld|           theta|       pointer|
+--------------+-----+-----+------------+----------------+--------------+

