

================================================================
== Vitis HLS Report for 'cordiccart2pol'
================================================================
* Date:           Tue Oct 21 18:47:19 2025

* Version:        2024.1 (Build 5069499 on May 21 2024)
* Project:        cordiccart2pol.comp
* Solution:       hls (Vivado IP Flow Target)
* Product family: zynq
* Target device:  xc7z020-clg400-1


================================================================
== Performance Estimates
================================================================
+ Timing: 
    * Summary: 
    +--------+----------+----------+------------+
    |  Clock |  Target  | Estimated| Uncertainty|
    +--------+----------+----------+------------+
    |ap_clk  |  10.00 ns|  7.160 ns|     2.70 ns|
    +--------+----------+----------+------------+

+ Latency: 
    * Summary: 
    +---------+---------+-----------+----------+-----+-----+---------+
    |  Latency (cycles) |  Latency (absolute)  |  Interval | Pipeline|
    |   min   |   max   |    min    |    max   | min | max |   Type  |
    +---------+---------+-----------+----------+-----+-----+---------+
    |        2|       87|  20.000 ns|  0.870 us|    3|   88|       no|
    +---------+---------+-----------+----------+-----+-----+---------+

    + Detail: 
        * Instance: 
        +-----------------------------------------------------+------------------------------------------+---------+---------+----------+----------+-----+-----+-----------------------------------------------+
        |                                                     |                                          |  Latency (cycles) |  Latency (absolute) |  Interval |                    Pipeline                   |
        |                       Instance                      |                  Module                  |   min   |   max   |    min   |    max   | min | max |                      Type                     |
        +-----------------------------------------------------+------------------------------------------+---------+---------+----------+----------+-----+-----+-----------------------------------------------+
        |grp_cordiccart2pol_Pipeline_VITIS_LOOP_121_1_fu_139  |cordiccart2pol_Pipeline_VITIS_LOOP_121_1  |       82|       82|  0.820 us|  0.820 us|   81|   81|  loop auto-rewind stp(delay=0 clock cycles(s))|
        +-----------------------------------------------------+------------------------------------------+---------+---------+----------+----------+-----+-----+-----------------------------------------------+

        * Loop: 
        N/A



================================================================
== Utilization Estimates
================================================================
* Summary: 
+-----------------+---------+-----+--------+-------+-----+
|       Name      | BRAM_18K| DSP |   FF   |  LUT  | URAM|
+-----------------+---------+-----+--------+-------+-----+
|DSP              |        -|    -|       -|      -|    -|
|Expression       |        -|    -|       0|    235|    -|
|FIFO             |        -|    -|       -|      -|    -|
|Instance         |        0|   12|     985|    709|    -|
|Memory           |        -|    -|       -|      -|    -|
|Multiplexer      |        -|    -|       0|    138|    -|
|Register         |        -|    -|     101|      -|    -|
+-----------------+---------+-----+--------+-------+-----+
|Total            |        0|   12|    1086|   1082|    0|
+-----------------+---------+-----+--------+-------+-----+
|Available        |      280|  220|  106400|  53200|    0|
+-----------------+---------+-----+--------+-------+-----+
|Utilization (%)  |        0|    5|       1|      2|    0|
+-----------------+---------+-----+--------+-------+-----+

+ Detail: 
    * Instance: 
    +-----------------------------------------------------+------------------------------------------+---------+----+-----+-----+-----+
    |                       Instance                      |                  Module                  | BRAM_18K| DSP|  FF | LUT | URAM|
    +-----------------------------------------------------+------------------------------------------+---------+----+-----+-----+-----+
    |grp_cordiccart2pol_Pipeline_VITIS_LOOP_121_1_fu_139  |cordiccart2pol_Pipeline_VITIS_LOOP_121_1  |        0|   8|  820|  659|    0|
    |mul_32s_30ns_61_2_1_U11                              |mul_32s_30ns_61_2_1                       |        0|   4|  165|   50|    0|
    +-----------------------------------------------------+------------------------------------------+---------+----+-----+-----+-----+
    |Total                                                |                                          |        0|  12|  985|  709|    0|
    +-----------------------------------------------------+------------------------------------------+---------+----+-----+-----+-----+

    * DSP: 
    N/A

    * Memory: 
    N/A

    * FIFO: 
    N/A

    * Expression: 
    +---------------------+----------+----+---+----+------------+------------+
    |    Variable Name    | Operation| DSP| FF| LUT| Bitwidth P0| Bitwidth P1|
    +---------------------+----------+----+---+----+------------+------------+
    |x_1_fu_219_p2        |         -|   0|  0|  39|           1|          32|
    |y_1_fu_225_p2        |         -|   0|  0|  39|           1|          32|
    |and_ln102_fu_205_p2  |       and|   0|  0|  32|          32|          32|
    |and_ln79_fu_175_p2   |       and|   0|  0|   2|           1|           1|
    |and_ln85_fu_187_p2   |       and|   0|  0|   2|           1|           1|
    |and_ln90_fu_199_p2   |       and|   0|  0|   2|           1|           1|
    |ap_condition_193     |       and|   0|  0|   2|           1|           1|
    |icmp_ln79_fu_169_p2  |      icmp|   0|  0|  39|          32|           1|
    |icmp_ln85_fu_181_p2  |      icmp|   0|  0|  39|          32|           1|
    |icmp_ln90_fu_193_p2  |      icmp|   0|  0|  39|          32|           1|
    +---------------------+----------+----+---+----+------------+------------+
    |Total                |          |   0|  0| 235|         134|         103|
    +---------------------+----------+----+---+----+------------+------------+

    * Multiplexer: 
    +----------------------+----+-----------+-----+-----------+
    |         Name         | LUT| Input Size| Bits| Total Bits|
    +----------------------+----+-----------+-----+-----------+
    |ap_NS_fsm             |  37|          7|    1|          7|
    |p_ph_reg_97           |  14|          3|   28|         84|
    |r                     |  14|          3|   32|         96|
    |theta                 |  31|          6|   32|        192|
    |theta_ap_vld          |  14|          3|    1|          3|
    |x_current_ph_reg_127  |  14|          3|   32|         96|
    |y_current_ph_reg_115  |  14|          3|   32|         96|
    +----------------------+----+-----------+-----+-----------+
    |Total                 | 138|         28|  158|        574|
    +----------------------+----+-----------+-----+-----------+

    * Register: 
    +------------------------------------------------------------------+----+----+-----+-----------+
    |                               Name                               | FF | LUT| Bits| Const Bits|
    +------------------------------------------------------------------+----+----+-----+-----------+
    |and_ln79_reg_268                                                  |   1|   0|    1|          0|
    |and_ln85_reg_272                                                  |   1|   0|    1|          0|
    |ap_CS_fsm                                                         |   6|   0|    6|          0|
    |grp_cordiccart2pol_Pipeline_VITIS_LOOP_121_1_fu_139_ap_start_reg  |   1|   0|    1|          0|
    |p_ph_reg_97                                                       |  28|   0|   31|          3|
    |x_current_ph_reg_127                                              |  32|   0|   32|          0|
    |y_current_ph_reg_115                                              |  32|   0|   32|          0|
    +------------------------------------------------------------------+----+----+-----+-----------+
    |Total                                                             | 101|   0|  104|          3|
    +------------------------------------------------------------------+----+----+-----+-----------+



================================================================
== Interface
================================================================
* Summary: 
+--------------+-----+-----+------------+----------------+--------------+
|   RTL Ports  | Dir | Bits|  Protocol  |  Source Object |    C Type    |
+--------------+-----+-----+------------+----------------+--------------+
|ap_clk        |   in|    1|  ap_ctrl_hs|  cordiccart2pol|  return value|
|ap_rst        |   in|    1|  ap_ctrl_hs|  cordiccart2pol|  return value|
|ap_start      |   in|    1|  ap_ctrl_hs|  cordiccart2pol|  return value|
|ap_done       |  out|    1|  ap_ctrl_hs|  cordiccart2pol|  return value|
|ap_idle       |  out|    1|  ap_ctrl_hs|  cordiccart2pol|  return value|
|ap_ready      |  out|    1|  ap_ctrl_hs|  cordiccart2pol|  return value|
|x             |   in|   32|     ap_none|               x|        scalar|
|y             |   in|   32|     ap_none|               y|        scalar|
|r             |  out|   32|      ap_vld|               r|       pointer|
|r_ap_vld      |  out|    1|      ap_vld|               r|       pointer|
|theta         |  out|   32|      ap_vld|           theta|       pointer|
|theta_ap_vld  |  out|    1|      ap_vld|           theta|       pointer|
+--------------+-----+-----+------------+----------------+--------------+

