

================================================================
== Vitis HLS Report for 'cordiccart2pol'
================================================================
* Date:           Thu Oct 23 18:50:08 2025

* Version:        2024.1 (Build 5069499 on May 21 2024)
* Project:        cordiccart2pol.comp
* Solution:       hls (Vivado IP Flow Target)
* Product family: zynq
* Target device:  xc7z020-clg400-1


================================================================
== Performance Estimates
================================================================
+ Timing: 
    * Summary: 
    +--------+----------+----------+------------+
    |  Clock |  Target  | Estimated| Uncertainty|
    +--------+----------+----------+------------+
    |ap_clk  |  10.00 ns|  6.912 ns|     2.70 ns|
    +--------+----------+----------+------------+

+ Latency: 
    * Summary: 
    +---------+---------+-----------+----------+-----+-----+---------+
    |  Latency (cycles) |  Latency (absolute)  |  Interval | Pipeline|
    |   min   |   max   |    min    |    max   | min | max |   Type  |
    +---------+---------+-----------+----------+-----+-----+---------+
    |        2|       47|  20.000 ns|  0.470 us|    3|   48|       no|
    +---------+---------+-----------+----------+-----+-----+---------+

    + Detail: 
        * Instance: 
        +-----------------------------------------------------+------------------------------------------+---------+---------+----------+----------+-----+-----+-----------------------------------------------+
        |                                                     |                                          |  Latency (cycles) |  Latency (absolute) |  Interval |                    Pipeline                   |
        |                       Instance                      |                  Module                  |   min   |   max   |    min   |    max   | min | max |                      Type                     |
        +-----------------------------------------------------+------------------------------------------+---------+---------+----------+----------+-----+-----+-----------------------------------------------+
        |grp_cordiccart2pol_Pipeline_VITIS_LOOP_122_1_fu_137  |cordiccart2pol_Pipeline_VITIS_LOOP_122_1  |       42|       42|  0.420 us|  0.420 us|   41|   41|  loop auto-rewind stp(delay=0 clock cycles(s))|
        +-----------------------------------------------------+------------------------------------------+---------+---------+----------+----------+-----+-----+-----------------------------------------------+

        * Loop: 
        N/A



================================================================
== Utilization Estimates
================================================================
* Summary: 
+-----------------+---------+-----+--------+-------+-----+
|       Name      | BRAM_18K| DSP |   FF   |  LUT  | URAM|
+-----------------+---------+-----+--------+-------+-----+
|DSP              |        -|    -|       -|      -|    -|
|Expression       |        -|    -|       0|    235|    -|
|FIFO             |        -|    -|       -|      -|    -|
|Instance         |        0|    4|     498|    830|    -|
|Memory           |        -|    -|       -|      -|    -|
|Multiplexer      |        -|    -|       0|    138|    -|
|Register         |        -|    -|     101|      -|    -|
+-----------------+---------+-----+--------+-------+-----+
|Total            |        0|    4|     599|   1203|    0|
+-----------------+---------+-----+--------+-------+-----+
|Available        |      280|  220|  106400|  53200|    0|
+-----------------+---------+-----+--------+-------+-----+
|Utilization (%)  |        0|    1|      ~0|      2|    0|
+-----------------+---------+-----+--------+-------+-----+

+ Detail: 
    * Instance: 
    +-----------------------------------------------------+------------------------------------------+---------+----+-----+-----+-----+
    |                       Instance                      |                  Module                  | BRAM_18K| DSP|  FF | LUT | URAM|
    +-----------------------------------------------------+------------------------------------------+---------+----+-----+-----+-----+
    |grp_cordiccart2pol_Pipeline_VITIS_LOOP_122_1_fu_137  |cordiccart2pol_Pipeline_VITIS_LOOP_122_1  |        0|   0|  333|  780|    0|
    |mul_32s_30ns_61_2_1_U7                               |mul_32s_30ns_61_2_1                       |        0|   4|  165|   50|    0|
    +-----------------------------------------------------+------------------------------------------+---------+----+-----+-----+-----+
    |Total                                                |                                          |        0|   4|  498|  830|    0|
    +-----------------------------------------------------+------------------------------------------+---------+----+-----+-----+-----+

    * DSP: 
    N/A

    * Memory: 
    N/A

    * FIFO: 
    N/A

    * Expression: 
    +---------------------+----------+----+---+----+------------+------------+
    |    Variable Name    | Operation| DSP| FF| LUT| Bitwidth P0| Bitwidth P1|
    +---------------------+----------+----+---+----+------------+------------+
    |x_1_fu_215_p2        |         -|   0|  0|  39|           1|          32|
    |y_1_fu_221_p2        |         -|   0|  0|  39|           1|          32|
    |and_ln103_fu_201_p2  |       and|   0|  0|  32|          32|          32|
    |and_ln80_fu_171_p2   |       and|   0|  0|   2|           1|           1|
    |and_ln86_fu_183_p2   |       and|   0|  0|   2|           1|           1|
    |and_ln91_fu_195_p2   |       and|   0|  0|   2|           1|           1|
    |ap_condition_193     |       and|   0|  0|   2|           1|           1|
    |icmp_ln80_fu_165_p2  |      icmp|   0|  0|  39|          32|           1|
    |icmp_ln86_fu_177_p2  |      icmp|   0|  0|  39|          32|           1|
    |icmp_ln91_fu_189_p2  |      icmp|   0|  0|  39|          32|           1|
    +---------------------+----------+----+---+----+------------+------------+
    |Total                |          |   0|  0| 235|         134|         103|
    +---------------------+----------+----+---+----+------------+------------+

    * Multiplexer: 
    +----------------------+----+-----------+-----+-----------+
    |         Name         | LUT| Input Size| Bits| Total Bits|
    +----------------------+----+-----------+-----+-----------+
    |ap_NS_fsm             |  37|          7|    1|          7|
    |p_ph_reg_95           |  14|          3|   28|         84|
    |r                     |  14|          3|   32|         96|
    |theta                 |  31|          6|   32|        192|
    |theta_ap_vld          |  14|          3|    1|          3|
    |x_current_ph_reg_125  |  14|          3|   32|         96|
    |y_current_ph_reg_113  |  14|          3|   32|         96|
    +----------------------+----+-----------+-----+-----------+
    |Total                 | 138|         28|  158|        574|
    +----------------------+----+-----------+-----+-----------+

    * Register: 
    +------------------------------------------------------------------+----+----+-----+-----------+
    |                               Name                               | FF | LUT| Bits| Const Bits|
    +------------------------------------------------------------------+----+----+-----+-----------+
    |and_ln80_reg_264                                                  |   1|   0|    1|          0|
    |and_ln86_reg_268                                                  |   1|   0|    1|          0|
    |ap_CS_fsm                                                         |   6|   0|    6|          0|
    |grp_cordiccart2pol_Pipeline_VITIS_LOOP_122_1_fu_137_ap_start_reg  |   1|   0|    1|          0|
    |p_ph_reg_95                                                       |  28|   0|   31|          3|
    |x_current_ph_reg_125                                              |  32|   0|   32|          0|
    |y_current_ph_reg_113                                              |  32|   0|   32|          0|
    +------------------------------------------------------------------+----+----+-----+-----------+
    |Total                                                             | 101|   0|  104|          3|
    +------------------------------------------------------------------+----+----+-----+-----------+



================================================================
== Interface
================================================================
* Summary: 
+--------------+-----+-----+------------+----------------+--------------+
|   RTL Ports  | Dir | Bits|  Protocol  |  Source Object |    C Type    |
+--------------+-----+-----+------------+----------------+--------------+
|ap_clk        |   in|    1|  ap_ctrl_hs|  cordiccart2pol|  return value|
|ap_rst        |   in|    1|  ap_ctrl_hs|  cordiccart2pol|  return value|
|ap_start      |   in|    1|  ap_ctrl_hs|  cordiccart2pol|  return value|
|ap_done       |  out|    1|  ap_ctrl_hs|  cordiccart2pol|  return value|
|ap_idle       |  out|    1|  ap_ctrl_hs|  cordiccart2pol|  return value|
|ap_ready      |  out|    1|  ap_ctrl_hs|  cordiccart2pol|  return value|
|x             |   in|   32|     ap_none|               x|        scalar|
|y             |   in|   32|     ap_none|               y|        scalar|
|r             |  out|   32|      ap_vld|               r|       pointer|
|r_ap_vld      |  out|    1|      ap_vld|               r|       pointer|
|theta         |  out|   32|      ap_vld|           theta|       pointer|
|theta_ap_vld  |  out|    1|      ap_vld|           theta|       pointer|
+--------------+-----+-----+------------+----------------+--------------+

