

================================================================
== Vitis HLS Report for 'cordiccart2pol'
================================================================
* Date:           Tue Oct 21 20:53:00 2025

* Version:        2024.1 (Build 5069499 on May 21 2024)
* Project:        cordiccart2pol.comp
* Solution:       hls (Vivado IP Flow Target)
* Product family: zynq
* Target device:  xc7z020-clg400-1


================================================================
== Performance Estimates
================================================================
+ Timing: 
    * Summary: 
    +--------+----------+----------+------------+
    |  Clock |  Target  | Estimated| Uncertainty|
    +--------+----------+----------+------------+
    |ap_clk  |  10.00 ns|  6.508 ns|     2.70 ns|
    +--------+----------+----------+------------+

+ Latency: 
    * Summary: 
    +---------+---------+-----------+-----------+------+------+---------+
    |  Latency (cycles) |   Latency (absolute)  |   Interval  | Pipeline|
    |   min   |   max   |    min    |    max    |  min |  max |   Type  |
    +---------+---------+-----------+-----------+------+------+---------+
    |     2055|     2055|  20.550 us|  20.550 us|  2056|  2056|       no|
    +---------+---------+-----------+-----------+------+------+---------+

    + Detail: 
        * Instance: 
        +--------------------------------------+---------------------------+---------+---------+-----------+-----------+------+------+-----------------------------------------------+
        |                                      |                           |  Latency (cycles) |   Latency (absolute)  |   Interval  |                    Pipeline                   |
        |               Instance               |           Module          |   min   |   max   |    min    |    max    |  min |  max |                      Type                     |
        +--------------------------------------+---------------------------+---------+---------+-----------+-----------+------+------+-----------------------------------------------+
        |grp_cordiccart2pol_Pipeline_1_fu_137  |cordiccart2pol_Pipeline_1  |     1024|     1024|  10.240 us|  10.240 us|  1023|  1023|  loop auto-rewind stp(delay=0 clock cycles(s))|
        |grp_cordiccart2pol_Pipeline_2_fu_142  |cordiccart2pol_Pipeline_2  |     1024|     1024|  10.240 us|  10.240 us|  1023|  1023|  loop auto-rewind stp(delay=0 clock cycles(s))|
        +--------------------------------------+---------------------------+---------+---------+-----------+-----------+------+------+-----------------------------------------------+

        * Loop: 
        N/A



================================================================
== Utilization Estimates
================================================================
* Summary: 
+-----------------+---------+-----+--------+-------+-----+
|       Name      | BRAM_18K| DSP |   FF   |  LUT  | URAM|
+-----------------+---------+-----+--------+-------+-----+
|DSP              |        -|    -|       -|      -|    -|
|Expression       |        -|    -|       0|    104|    -|
|FIFO             |        -|    -|       -|      -|    -|
|Instance         |        -|    -|      24|    106|    -|
|Memory           |        2|    -|       0|      0|    0|
|Multiplexer      |        -|    -|       0|    148|    -|
|Register         |        -|    -|      20|      -|    -|
+-----------------+---------+-----+--------+-------+-----+
|Total            |        2|    0|      44|    358|    0|
+-----------------+---------+-----+--------+-------+-----+
|Available        |      280|  220|  106400|  53200|    0|
+-----------------+---------+-----+--------+-------+-----+
|Utilization (%)  |       ~0|    0|      ~0|     ~0|    0|
+-----------------+---------+-----+--------+-------+-----+

+ Detail: 
    * Instance: 
    +--------------------------------------+---------------------------+---------+----+----+----+-----+
    |               Instance               |           Module          | BRAM_18K| DSP| FF | LUT| URAM|
    +--------------------------------------+---------------------------+---------+----+----+----+-----+
    |grp_cordiccart2pol_Pipeline_1_fu_137  |cordiccart2pol_Pipeline_1  |        0|   0|  12|  53|    0|
    |grp_cordiccart2pol_Pipeline_2_fu_142  |cordiccart2pol_Pipeline_2  |        0|   0|  12|  53|    0|
    +--------------------------------------+---------------------------+---------+----+----+----+-----+
    |Total                                 |                           |        0|   0|  24| 106|    0|
    +--------------------------------------+---------------------------+---------+----+----+----+-----+

    * DSP: 
    N/A

    * Memory: 
    +-------------+-------------------------+---------+---+----+-----+------+-----+------+-------------+
    |    Memory   |          Module         | BRAM_18K| FF| LUT| URAM| Words| Bits| Banks| W*Bits*Banks|
    +-------------+-------------------------+---------+---+----+-----+------+-----+------+-------------+
    |my_LUT_th_U  |my_LUT_th_RAM_AUTO_1R1W  |        1|  0|   0|    0|  1024|    1|     1|         1024|
    |my_LUT_r_U   |my_LUT_th_RAM_AUTO_1R1W  |        1|  0|   0|    0|  1024|    1|     1|         1024|
    +-------------+-------------------------+---------+---+----+-----+------+-----+------+-------------+
    |Total        |                         |        2|  0|   0|    0|  2048|    2|     2|         2048|
    +-------------+-------------------------+---------+---+----+-----+------+-----+------+-------------+

    * FIFO: 
    N/A

    * Expression: 
    +-------------------------+----------+----+---+----+------------+------------+
    |      Variable Name      | Operation| DSP| FF| LUT| Bitwidth P0| Bitwidth P1|
    +-------------------------+----------+----+---+----+------------+------------+
    |fixed_x_1_fu_185_p2      |         +|   0|  0|  13|           5|           5|
    |fixed_y_1_fu_361_p2      |         +|   0|  0|  13|           5|           5|
    |and_ln42_1_fu_263_p2     |       and|   0|  0|   2|           1|           1|
    |and_ln42_2_fu_269_p2     |       and|   0|  0|   2|           1|           1|
    |and_ln42_3_fu_291_p2     |       and|   0|  0|   2|           1|           1|
    |and_ln42_4_fu_303_p2     |       and|   0|  0|   2|           1|           1|
    |and_ln42_fu_205_p2       |       and|   0|  0|   2|           1|           1|
    |and_ln43_1_fu_439_p2     |       and|   0|  0|   2|           1|           1|
    |and_ln43_2_fu_445_p2     |       and|   0|  0|   2|           1|           1|
    |and_ln43_3_fu_467_p2     |       and|   0|  0|   2|           1|           1|
    |and_ln43_4_fu_479_p2     |       and|   0|  0|   2|           1|           1|
    |and_ln43_fu_381_p2       |       and|   0|  0|   2|           1|           1|
    |empty_7_fu_421_p2        |       and|   0|  0|   2|           1|           1|
    |empty_fu_245_p2          |       and|   0|  0|   2|           1|           1|
    |or_ln42_1_fu_257_p2      |        or|   0|  0|   2|           1|           1|
    |or_ln42_2_fu_275_p2      |        or|   0|  0|   2|           1|           1|
    |or_ln42_3_fu_309_p2      |        or|   0|  0|   2|           1|           1|
    |or_ln42_fu_239_p2        |        or|   0|  0|   2|           1|           1|
    |or_ln43_1_fu_433_p2      |        or|   0|  0|   2|           1|           1|
    |or_ln43_2_fu_451_p2      |        or|   0|  0|   2|           1|           1|
    |or_ln43_3_fu_485_p2      |        or|   0|  0|   2|           1|           1|
    |or_ln43_fu_415_p2        |        or|   0|  0|   2|           1|           1|
    |fixed_x_3_fu_315_p3      |    select|   0|  0|   5|           1|           5|
    |fixed_y_3_fu_491_p3      |    select|   0|  0|   5|           1|           5|
    |select_ln42_1_fu_225_p3  |    select|   0|  0|   2|           1|           1|
    |select_ln42_fu_217_p3    |    select|   0|  0|   2|           1|           1|
    |select_ln43_1_fu_401_p3  |    select|   0|  0|   2|           1|           1|
    |select_ln43_fu_393_p3    |    select|   0|  0|   2|           1|           1|
    |xor_ln42_1_fu_211_p2     |       xor|   0|  0|   2|           1|           2|
    |xor_ln42_2_fu_233_p2     |       xor|   0|  0|   2|           1|           2|
    |xor_ln42_3_fu_251_p2     |       xor|   0|  0|   2|           1|           2|
    |xor_ln42_4_fu_297_p2     |       xor|   0|  0|   2|           2|           1|
    |xor_ln42_fu_199_p2       |       xor|   0|  0|   2|           1|           2|
    |xor_ln43_1_fu_387_p2     |       xor|   0|  0|   2|           1|           2|
    |xor_ln43_2_fu_409_p2     |       xor|   0|  0|   2|           1|           2|
    |xor_ln43_3_fu_427_p2     |       xor|   0|  0|   2|           1|           2|
    |xor_ln43_4_fu_473_p2     |       xor|   0|  0|   2|           2|           1|
    |xor_ln43_fu_375_p2       |       xor|   0|  0|   2|           1|           2|
    +-------------------------+----------+----+---+----+------------+------------+
    |Total                    |          |   0|  0| 104|          48|          62|
    +-------------------------+----------+----+---+----+------------+------------+

    * Multiplexer: 
    +--------------------------+----+-----------+-----+-----------+
    |           Name           | LUT| Input Size| Bits| Total Bits|
    +--------------------------+----+-----------+-----+-----------+
    |ap_NS_fsm                 |  48|          9|    1|          9|
    |my_LUT_r_address0         |   9|          2|   10|         20|
    |my_LUT_r_address0_local   |  14|          3|   10|         30|
    |my_LUT_r_ce0              |   9|          2|    1|          2|
    |my_LUT_r_d0               |   9|          2|    1|          2|
    |my_LUT_r_we0              |   9|          2|    1|          2|
    |my_LUT_th_address0        |   9|          2|   10|         20|
    |my_LUT_th_address0_local  |  14|          3|   10|         30|
    |my_LUT_th_ce0             |   9|          2|    1|          2|
    |my_LUT_th_d0              |   9|          2|    1|          2|
    |my_LUT_th_we0             |   9|          2|    1|          2|
    +--------------------------+----+-----------+-----+-----------+
    |Total                     | 148|         31|   47|        121|
    +--------------------------+----+-----------+-----+-----------+

    * Register: 
    +---------------------------------------------------+---+----+-----+-----------+
    |                        Name                       | FF| LUT| Bits| Const Bits|
    +---------------------------------------------------+---+----+-----+-----------+
    |ap_CS_fsm                                          |  8|   0|    8|          0|
    |fixed_x_3_reg_521                                  |  5|   0|    5|          0|
    |fixed_y_3_reg_526                                  |  5|   0|    5|          0|
    |grp_cordiccart2pol_Pipeline_1_fu_137_ap_start_reg  |  1|   0|    1|          0|
    |grp_cordiccart2pol_Pipeline_2_fu_142_ap_start_reg  |  1|   0|    1|          0|
    +---------------------------------------------------+---+----+-----+-----------+
    |Total                                              | 20|   0|   20|          0|
    +---------------------------------------------------+---+----+-----+-----------+



================================================================
== Interface
================================================================
* Summary: 
+--------------+-----+-----+------------+----------------+--------------+
|   RTL Ports  | Dir | Bits|  Protocol  |  Source Object |    C Type    |
+--------------+-----+-----+------------+----------------+--------------+
|ap_clk        |   in|    1|  ap_ctrl_hs|  cordiccart2pol|  return value|
|ap_rst        |   in|    1|  ap_ctrl_hs|  cordiccart2pol|  return value|
|ap_start      |   in|    1|  ap_ctrl_hs|  cordiccart2pol|  return value|
|ap_done       |  out|    1|  ap_ctrl_hs|  cordiccart2pol|  return value|
|ap_idle       |  out|    1|  ap_ctrl_hs|  cordiccart2pol|  return value|
|ap_ready      |  out|    1|  ap_ctrl_hs|  cordiccart2pol|  return value|
|x             |   in|   32|     ap_none|               x|        scalar|
|y             |   in|   32|     ap_none|               y|        scalar|
|r             |  out|   32|      ap_vld|               r|       pointer|
|r_ap_vld      |  out|    1|      ap_vld|               r|       pointer|
|theta         |  out|   32|      ap_vld|           theta|       pointer|
|theta_ap_vld  |  out|    1|      ap_vld|           theta|       pointer|
+--------------+-----+-----+------------+----------------+--------------+

