

================================================================
== Vitis HLS Report for 'cordiccart2pol'
================================================================
* Date:           Thu Oct 23 18:42:00 2025

* Version:        2024.1 (Build 5069499 on May 21 2024)
* Project:        cordiccart2pol.comp
* Solution:       hls (Vivado IP Flow Target)
* Product family: zynq
* Target device:  xc7z020-clg400-1


================================================================
== Performance Estimates
================================================================
+ Timing: 
    * Summary: 
    +--------+----------+----------+------------+
    |  Clock |  Target  | Estimated| Uncertainty|
    +--------+----------+----------+------------+
    |ap_clk  |  10.00 ns|  6.772 ns|     2.70 ns|
    +--------+----------+----------+------------+

+ Latency: 
    * Summary: 
    +---------+---------+-----------+----------+-----+-----+---------+
    |  Latency (cycles) |  Latency (absolute)  |  Interval | Pipeline|
    |   min   |   max   |    min    |    max   | min | max |   Type  |
    +---------+---------+-----------+----------+-----+-----+---------+
    |        2|       27|  20.000 ns|  0.270 us|    3|   28|       no|
    +---------+---------+-----------+----------+-----+-----+---------+

    + Detail: 
        * Instance: 
        +-----------------------------------------------------+------------------------------------------+---------+---------+----------+----------+-----+-----+-----------------------------------------------+
        |                                                     |                                          |  Latency (cycles) |  Latency (absolute) |  Interval |                    Pipeline                   |
        |                       Instance                      |                  Module                  |   min   |   max   |    min   |    max   | min | max |                      Type                     |
        +-----------------------------------------------------+------------------------------------------+---------+---------+----------+----------+-----+-----+-----------------------------------------------+
        |grp_cordiccart2pol_Pipeline_VITIS_LOOP_122_1_fu_145  |cordiccart2pol_Pipeline_VITIS_LOOP_122_1  |       23|       23|  0.230 us|  0.230 us|   21|   21|  loop auto-rewind stp(delay=0 clock cycles(s))|
        +-----------------------------------------------------+------------------------------------------+---------+---------+----------+----------+-----+-----+-----------------------------------------------+

        * Loop: 
        N/A



================================================================
== Utilization Estimates
================================================================
* Summary: 
+-----------------+---------+-----+--------+-------+-----+
|       Name      | BRAM_18K| DSP |   FF   |  LUT  | URAM|
+-----------------+---------+-----+--------+-------+-----+
|DSP              |        -|    -|       -|      -|    -|
|Expression       |        -|    -|       0|    105|    -|
|FIFO             |        -|    -|       -|      -|    -|
|Instance         |        0|    -|      44|    286|    -|
|Memory           |        -|    -|       -|      -|    -|
|Multiplexer      |        -|    -|       0|    132|    -|
|Register         |        -|    -|      30|      -|    -|
+-----------------+---------+-----+--------+-------+-----+
|Total            |        0|    0|      74|    523|    0|
+-----------------+---------+-----+--------+-------+-----+
|Available        |      280|  220|  106400|  53200|    0|
+-----------------+---------+-----+--------+-------+-----+
|Utilization (%)  |        0|    0|      ~0|     ~0|    0|
+-----------------+---------+-----+--------+-------+-----+

+ Detail: 
    * Instance: 
    +-----------------------------------------------------+------------------------------------------+---------+----+----+-----+-----+
    |                       Instance                      |                  Module                  | BRAM_18K| DSP| FF | LUT | URAM|
    +-----------------------------------------------------+------------------------------------------+---------+----+----+-----+-----+
    |grp_cordiccart2pol_Pipeline_VITIS_LOOP_122_1_fu_145  |cordiccart2pol_Pipeline_VITIS_LOOP_122_1  |        0|   0|  44|  286|    0|
    +-----------------------------------------------------+------------------------------------------+---------+----+----+-----+-----+
    |Total                                                |                                          |        0|   0|  44|  286|    0|
    +-----------------------------------------------------+------------------------------------------+---------+----+----+-----+-----+

    * DSP: 
    N/A

    * Memory: 
    N/A

    * FIFO: 
    N/A

    * Expression: 
    +---------------------+----------+----+---+----+------------+------------+
    |    Variable Name    | Operation| DSP| FF| LUT| Bitwidth P0| Bitwidth P1|
    +---------------------+----------+----+---+----+------------+------------+
    |add_ln151_fu_257_p2  |         +|   0|  0|  14|          13|          13|
    |x_1_fu_218_p2        |         -|   0|  0|  15|           1|           8|
    |y_1_fu_224_p2        |         -|   0|  0|  15|           1|           8|
    |and_ln103_fu_204_p2  |       and|   0|  0|   8|           8|           8|
    |and_ln80_fu_174_p2   |       and|   0|  0|   2|           1|           1|
    |and_ln86_fu_186_p2   |       and|   0|  0|   2|           1|           1|
    |and_ln91_fu_198_p2   |       and|   0|  0|   2|           1|           1|
    |ap_condition_193     |       and|   0|  0|   2|           1|           1|
    |icmp_ln80_fu_168_p2  |      icmp|   0|  0|  15|           8|           1|
    |icmp_ln86_fu_180_p2  |      icmp|   0|  0|  15|           8|           1|
    |icmp_ln91_fu_192_p2  |      icmp|   0|  0|  15|           8|           1|
    +---------------------+----------+----+---+----+------------+------------+
    |Total                |          |   0|  0| 105|          51|          44|
    +---------------------+----------+----+---+----+------------+------------+

    * Multiplexer: 
    +----------------------+----+-----------+-----+-----------+
    |         Name         | LUT| Input Size| Bits| Total Bits|
    +----------------------+----+-----------+-----+-----------+
    |ap_NS_fsm             |  31|          6|    1|          6|
    |p_ph_reg_103          |  14|          3|    6|         18|
    |r                     |  14|          3|    8|         24|
    |theta                 |  31|          6|    8|         48|
    |theta_ap_vld          |  14|          3|    1|          3|
    |x_current_ph_reg_133  |  14|          3|    8|         24|
    |y_current_ph_reg_121  |  14|          3|    8|         24|
    +----------------------+----+-----------+-----+-----------+
    |Total                 | 132|         27|   40|        147|
    +----------------------+----+-----------+-----+-----------+

    * Register: 
    +------------------------------------------------------------------+---+----+-----+-----------+
    |                               Name                               | FF| LUT| Bits| Const Bits|
    +------------------------------------------------------------------+---+----+-----+-----------+
    |and_ln80_reg_292                                                  |  1|   0|    1|          0|
    |and_ln86_reg_296                                                  |  1|   0|    1|          0|
    |ap_CS_fsm                                                         |  5|   0|    5|          0|
    |grp_cordiccart2pol_Pipeline_VITIS_LOOP_122_1_fu_145_ap_start_reg  |  1|   0|    1|          0|
    |p_ph_reg_103                                                      |  6|   0|    7|          1|
    |x_current_ph_reg_133                                              |  8|   0|    8|          0|
    |y_current_ph_reg_121                                              |  8|   0|    8|          0|
    +------------------------------------------------------------------+---+----+-----+-----------+
    |Total                                                             | 30|   0|   31|          1|
    +------------------------------------------------------------------+---+----+-----+-----------+



================================================================
== Interface
================================================================
* Summary: 
+--------------+-----+-----+------------+----------------+--------------+
|   RTL Ports  | Dir | Bits|  Protocol  |  Source Object |    C Type    |
+--------------+-----+-----+------------+----------------+--------------+
|ap_clk        |   in|    1|  ap_ctrl_hs|  cordiccart2pol|  return value|
|ap_rst        |   in|    1|  ap_ctrl_hs|  cordiccart2pol|  return value|
|ap_start      |   in|    1|  ap_ctrl_hs|  cordiccart2pol|  return value|
|ap_done       |  out|    1|  ap_ctrl_hs|  cordiccart2pol|  return value|
|ap_idle       |  out|    1|  ap_ctrl_hs|  cordiccart2pol|  return value|
|ap_ready      |  out|    1|  ap_ctrl_hs|  cordiccart2pol|  return value|
|x             |   in|    8|     ap_none|               x|        scalar|
|y             |   in|    8|     ap_none|               y|        scalar|
|r             |  out|    8|      ap_vld|               r|       pointer|
|r_ap_vld      |  out|    1|      ap_vld|               r|       pointer|
|theta         |  out|    8|      ap_vld|           theta|       pointer|
|theta_ap_vld  |  out|    1|      ap_vld|           theta|       pointer|
+--------------+-----+-----+------------+----------------+--------------+

